<?xml version="1.0" encoding="UTF-8"?>
<!-- Generated by org.testng.reporters.JUnitXMLReporter -->
<testsuite ignored="0" hostname="LAPTOP-938BKT1H" failures="0" tests="11" name="Free CRM App Test Cases" time="131.994" errors="0" timestamp="2022-12-31T19:20:31 CST">
  <testcase classname="com.crm.qa.testcases.LoginPageTest" name="loginPageTitleTest" time="0.026"/>
  <testcase classname="com.crm.qa.testcases.LoginPageTest" name="loginTest" time="0.417"/>
  <testcase classname="com.crm.qa.testcases.HomePageTest" name="verifyHomePageTitleTest" time="0.01"/>
  <testcase classname="com.crm.qa.testcases.HomePageTest" name="veirfyUserNameTest" time="0.807"/>
  <testcase classname="com.crm.qa.testcases.HomePageTest" name="verifyContactsLink" time="4.014"/>
  <testcase classname="com.crm.qa.testcases.ContactsPageTest" name="verifyContactsPageLabel" time="0.063"/>
  <testcase classname="com.crm.qa.testcases.ContactsPageTest" name="selectContactsTest" time="5.527"/>
  <testcase classname="com.crm.qa.testcases.ContactsPageTest" name="selectmultipleContactsTest" time="0.821"/>
  <testcase classname="com.crm.qa.testcases.ContactsPageTest" name="validateCreateNewContact" time="2.236"/>
  <testcase classname="com.crm.qa.testcases.ContactsPageTest" name="validateCreateNewContact" time="2.163"/>
  <testcase classname="com.crm.qa.testcases.ContactsPageTest" name="validateCreateNewContact" time="2.055"/>
</testsuite> <!-- Free CRM App Test Cases -->
