<?xml version="1.0" encoding="UTF-8"?>
<!-- Generated by org.testng.reporters.JUnitXMLReporter -->
<testsuite ignored="3" hostname="LAPTOP-938BKT1H" failures="0" tests="1" name="Default test" time="14.368" errors="0" timestamp="2023-01-06T14:12:29 CST">
  <testcase classname="com.crm.qa.testcases.ContactsPageTest" name="selectContactsTest" time="0.451"/>
  <testcase classname="com.crm.qa.testcases.ContactsPageTest" name="validateCreateNewContact" time="0.0">
    <ignored/>
  </testcase> <!-- validateCreateNewContact -->
  <testcase classname="com.crm.qa.testcases.ContactsPageTest" name="verifyContactsPageLabel" time="0.0">
    <ignored/>
  </testcase> <!-- verifyContactsPageLabel -->
  <testcase classname="com.crm.qa.testcases.ContactsPageTest" name="selectmultipleContactsTest" time="0.0">
    <ignored/>
  </testcase> <!-- selectmultipleContactsTest -->
</testsuite> <!-- Default test -->
