<?xml version="1.0" encoding="UTF-8"?>
<testng-results ignored="3" total="4" passed="1" failed="0" skipped="0">
  <reporter-output>
  </reporter-output>
  <suite started-at="2023-01-06T14:12:15 CST" name="Default suite" finished-at="2023-01-06T14:12:29 CST" duration-ms="14368">
    <groups>
    </groups>
    <test started-at="2023-01-06T14:12:15 CST" name="Default test" finished-at="2023-01-06T14:12:29 CST" duration-ms="14368">
      <class name="com.crm.qa.testcases.ContactsPageTest">
        <test-method is-config="true" signature="setUp()[pri:0, instance:com.crm.qa.testcases.ContactsPageTest@2d0399f4]" started-at="2023-01-06T14:12:15 CST" name="setUp" finished-at="2023-01-06T14:12:28 CST" duration-ms="13038" status="PASS">
          <reporter-output>
          </reporter-output>
        </test-method> <!-- setUp -->
        <test-method signature="selectContactsTest()[pri:2, instance:com.crm.qa.testcases.ContactsPageTest@2d0399f4]" started-at="2023-01-06T14:12:28 CST" name="selectContactsTest" finished-at="2023-01-06T14:12:29 CST" duration-ms="451" status="PASS">
          <reporter-output>
          </reporter-output>
        </test-method> <!-- selectContactsTest -->
        <test-method is-config="true" signature="tearDown()[pri:0, instance:com.crm.qa.testcases.ContactsPageTest@2d0399f4]" started-at="2023-01-06T14:12:29 CST" name="tearDown" finished-at="2023-01-06T14:12:29 CST" duration-ms="818" status="PASS">
          <reporter-output>
          </reporter-output>
        </test-method> <!-- tearDown -->
      </class> <!-- com.crm.qa.testcases.ContactsPageTest -->
    </test> <!-- Default test -->
  </suite> <!-- Default suite -->
</testng-results>
