<?xml version="1.0" encoding="UTF-8"?>
<!-- Generated by org.testng.reporters.JUnitXMLReporter -->
<testsuite ignored="0" hostname="LAPTOP-938BKT1H" failures="1" tests="15" name="Surefire test" time="0.22" errors="0" timestamp="2022-10-15T12:48:10 CST">
  <testcase classname="Testing1" name="Test1" time="0.002"/>
  <testcase classname="Testing1" name="Test2" time="0.001"/>
  <testcase classname="Testing1" name="Test3" time="0.001"/>
  <testcase classname="Testing1" name="f" time="0.0"/>
  <testcase classname="Testing1" name="f" time="0.001"/>
  <testcase classname="tests.Testing1" name="Test1" time="0.0"/>
  <testcase classname="tests.Testing1" name="Test2" time="0.0"/>
  <testcase classname="tests.Testing1" name="Test3" time="0.0"/>
  <testcase classname="tests.Testing1" name="f" time="0.002"/>
  <testcase classname="tests.Testing1" name="f" time="0.0"/>
  <testcase classname="tests.Testing2" name="Test4" time="0.0"/>
  <testcase classname="tests.Testing2" name="Test5" time="0.001"/>
  <testcase classname="tests.Testing3" name="createUser" time="0.006"/>
  <testcase classname="tests.Testing3" name="edituser" time="0.022">
    <failure type="java.lang.AssertionError" message="The following asserts failed:
	vERIFYING Element expected [true] but found [false]">
      <![CDATA[java.lang.AssertionError: The following asserts failed:
vERIFYING Element expected [true] but found [false]
at tests.Testing3.edituser(Testing3.java:23)
at java.base/java.util.ArrayList.forEach(ArrayList.java:1511)
... Removed 33 stack frames]]>
    </failure>
  </testcase> <!-- edituser -->
  <testcase classname="tests.Testing3" name="deleteuser" time="0.0">
    <skipped/>
  </testcase> <!-- deleteuser -->
</testsuite> <!-- Surefire test -->
